<?xml version="1.0" encoding="UTF-8"?>
<!-- Generated by org.testng.reporters.JUnitReportReporter -->
<testsuite hostname="INDP277LT" failures="0" tests="1" name="com.selenium.framework.HandleJavascriptAlerts" time="18.531" errors="0" timestamp="2021-09-20T10:37:58 IST" skipped="0">
  <testcase classname="com.selenium.framework.HandleJavascriptAlerts" name="handlejsalertPrompt" time="18.531"/>
  <system-out/>
</testsuite> <!-- com.selenium.framework.HandleJavascriptAlerts -->
