<?xml version="1.0" encoding="UTF-8"?>
<!-- Generated by org.testng.reporters.JUnitReportReporter -->
<testsuite hostname="INDP277LT" failures="0" tests="1" name="com.selenium.testng.WaitClassDemo" time="23.146" errors="0" timestamp="2021-09-16T10:37:26 IST" skipped="0">
  <testcase classname="com.selenium.testng.WaitClassDemo" name="demoWaitExplicitWait" time="23.146"/>
  <system-out/>
</testsuite> <!-- com.selenium.testng.WaitClassDemo -->
