<?xml version="1.0" encoding="UTF-8"?>
<!-- Generated by org.testng.reporters.JUnitReportReporter -->
<testsuite hostname="INDP277LT" failures="0" tests="1" name="com.selenium.framework.MouseKeyBoardOps" time="20.279" errors="0" timestamp="2021-09-25T11:01:11 IST" skipped="0">
  <testcase classname="com.selenium.framework.MouseKeyBoardOps" name="contextMenu" time="20.279"/>
  <system-out/>
</testsuite> <!-- com.selenium.framework.MouseKeyBoardOps -->
