<?xml version="1.0" encoding="UTF-8"?>
<!-- Generated by org.testng.reporters.JUnitReportReporter -->
<testsuite hostname="INDP277LT" failures="0" tests="1" name="com.selenium.framework.WindowHandles" time="17.972" errors="0" timestamp="2021-09-21T10:29:31 IST" skipped="0">
  <testcase classname="com.selenium.framework.WindowHandles" name="handleWindow" time="17.972"/>
  <system-out/>
</testsuite> <!-- com.selenium.framework.WindowHandles -->
