<?xml version="1.0" encoding="UTF-8"?>
<!-- Generated by org.testng.reporters.JUnitReportReporter -->
<testsuite hostname="INDP277LT" failures="0" tests="3" name="com.selenium.testng.NewTest02" time="0.076" errors="0" timestamp="2021-09-13T10:20:41 IST" skipped="0">
  <testcase classname="com.selenium.testng.NewTest02" name="bindhu" time="0.063"/>
  <system-out/>
  <testcase classname="com.selenium.testng.NewTest02" name="chandan" time="0.009"/>
  <system-out/>
  <testcase classname="com.selenium.testng.NewTest02" name="lakshmi" time="0.004"/>
  <system-out/>
</testsuite> <!-- com.selenium.testng.NewTest02 -->
