<?xml version="1.0" encoding="UTF-8"?>
<!-- Generated by org.testng.reporters.JUnitReportReporter -->
<testsuite hostname="INDP277LT" failures="0" tests="1" name="com.testng.selenium.TestNGSelenium01" time="9.227" errors="0" timestamp="2021-09-13T08:21:23 IST" skipped="0">
  <testcase classname="com.testng.selenium.TestNGSelenium01" name="test01" time="9.227"/>
  <system-out/>
</testsuite> <!-- com.testng.selenium.TestNGSelenium01 -->
