<?xml version="1.0" encoding="UTF-8"?>
<!-- Generated by org.testng.reporters.JUnitReportReporter -->
<testsuite hostname="INDP277LT" failures="0" tests="1" name="com.selenium.testng.TestClass01" time="16.589" errors="0" timestamp="2021-09-13T10:29:55 IST" skipped="0">
  <testcase classname="com.selenium.testng.TestClass01" name="method01" time="16.589"/>
  <system-out/>
</testsuite> <!-- com.selenium.testng.TestClass01 -->
