<?xml version="1.0" encoding="UTF-8"?>
<!-- Generated by org.testng.reporters.JUnitReportReporter -->
<testsuite hostname="INDP277LT" failures="0" tests="1" name="com.selenium.testng.NewTest" time="0.002" errors="0" timestamp="2021-09-13T10:15:56 IST" skipped="0">
  <testcase classname="com.selenium.testng.NewTest" name="f" time="0.002"/>
  <system-out/>
</testsuite> <!-- com.selenium.testng.NewTest -->
